{"C:\\Users\\TayfunSur\\Desktop\\Personal\\development\\Nimble Pro\\freelance-market\\index.js": {"path":"C:\\Users\\TayfunSur\\Desktop\\Personal\\development\\Nimble Pro\\freelance-market\\index.js","statementMap":{"0":{"start":{"line":1,"column":16},"end":{"line":1,"column":34}},"1":{"start":{"line":2,"column":13},"end":{"line":2,"column":28}},"2":{"start":{"line":3,"column":20},"end":{"line":3,"column":45}},"3":{"start":{"line":4,"column":24},"end":{"line":4,"column":53}},"4":{"start":{"line":5,"column":26},"end":{"line":5,"column":57}},"5":{"start":{"line":6,"column":21},"end":{"line":6,"column":47}},"6":{"start":{"line":7,"column":19},"end":{"line":7,"column":43}},"7":{"start":{"line":8,"column":0},"end":{"line":8,"column":29}},"8":{"start":{"line":10,"column":12},"end":{"line":10,"column":21}},"9":{"start":{"line":12,"column":0},"end":{"line":12,"column":23}},"10":{"start":{"line":13,"column":0},"end":{"line":13,"column":15}},"11":{"start":{"line":15,"column":0},"end":{"line":15,"column":29}},"12":{"start":{"line":17,"column":0},"end":{"line":17,"column":38}},"13":{"start":{"line":18,"column":0},"end":{"line":18,"column":42}},"14":{"start":{"line":19,"column":0},"end":{"line":19,"column":32}},"15":{"start":{"line":20,"column":0},"end":{"line":20,"column":28}},"16":{"start":{"line":21,"column":0},"end":{"line":21,"column":25}},"17":{"start":{"line":23,"column":0},"end":{"line":23,"column":20}}},"fnMap":{},"branchMap":{},"s":{"0":3,"1":3,"2":3,"3":3,"4":3,"5":3,"6":3,"7":3,"8":3,"9":3,"10":3,"11":3,"12":3,"13":3,"14":3,"15":3,"16":3,"17":3},"f":{},"b":{},"_coverageSchema":"1a1c01bbd47fc00a2c39e90264f33305004495a9","hash":"e7153a3ac393267ff2c27ac2efd231c9a9a5ae3b"}
,"C:\\Users\\TayfunSur\\Desktop\\Personal\\development\\Nimble Pro\\freelance-market\\mongo-connection.js": {"path":"C:\\Users\\TayfunSur\\Desktop\\Personal\\development\\Nimble Pro\\freelance-market\\mongo-connection.js","statementMap":{"0":{"start":{"line":1,"column":17},"end":{"line":1,"column":36}},"1":{"start":{"line":2,"column":0},"end":{"line":2,"column":109}},"2":{"start":{"line":4,"column":11},"end":{"line":4,"column":30}},"3":{"start":{"line":5,"column":0},"end":{"line":5,"column":65}},"4":{"start":{"line":6,"column":0},"end":{"line":8,"column":3}},"5":{"start":{"line":7,"column":2},"end":{"line":7,"column":32}}},"fnMap":{"0":{"name":"(anonymous_0)","decl":{"start":{"line":6,"column":16},"end":{"line":6,"column":17}},"loc":{"start":{"line":6,"column":27},"end":{"line":8,"column":1}},"line":6}},"branchMap":{},"s":{"0":3,"1":3,"2":3,"3":3,"4":3,"5":3},"f":{"0":3},"b":{},"_coverageSchema":"1a1c01bbd47fc00a2c39e90264f33305004495a9","hash":"0982fe7d373257cd131050e55b93070148e4cabf"}
,"C:\\Users\\TayfunSur\\Desktop\\Personal\\development\\Nimble Pro\\freelance-market\\lib\\print-order-history.js": {"path":"C:\\Users\\TayfunSur\\Desktop\\Personal\\development\\Nimble Pro\\freelance-market\\lib\\print-order-history.js","statementMap":{"0":{"start":{"line":2,"column":2},"end":{"line":4,"column":3}},"1":{"start":{"line":8,"column":2},"end":{"line":8,"column":91}},"2":{"start":{"line":8,"column":35},"end":{"line":8,"column":91}},"3":{"start":{"line":10,"column":2},"end":{"line":10,"column":37}},"4":{"start":{"line":13,"column":0},"end":{"line":13,"column":34}}},"fnMap":{"0":{"name":"printOrder","decl":{"start":{"line":1,"column":9},"end":{"line":1,"column":19}},"loc":{"start":{"line":1,"column":27},"end":{"line":5,"column":1}},"line":1},"1":{"name":"printOrderHistory","decl":{"start":{"line":7,"column":9},"end":{"line":7,"column":26}},"loc":{"start":{"line":7,"column":37},"end":{"line":11,"column":1}},"line":7}},"branchMap":{"0":{"loc":{"start":{"line":8,"column":2},"end":{"line":8,"column":91}},"type":"if","locations":[{"start":{"line":8,"column":2},"end":{"line":8,"column":91}},{"start":{"line":8,"column":2},"end":{"line":8,"column":91}}],"line":8}},"s":{"0":1,"1":2,"2":1,"3":1,"4":1},"f":{"0":1,"1":2},"b":{"0":[1,1]},"_coverageSchema":"1a1c01bbd47fc00a2c39e90264f33305004495a9","hash":"2ef6c1d29986ef8f6388312886fd1295f64a0ff9"}
,"C:\\Users\\TayfunSur\\Desktop\\Personal\\development\\Nimble Pro\\freelance-market\\models\\employer.js": {"path":"C:\\Users\\TayfunSur\\Desktop\\Personal\\development\\Nimble Pro\\freelance-market\\models\\employer.js","statementMap":{"0":{"start":{"line":1,"column":17},"end":{"line":1,"column":36}},"1":{"start":{"line":3,"column":23},"end":{"line":12,"column":2}},"2":{"start":{"line":14,"column":0},"end":{"line":14,"column":55}},"3":{"start":{"line":16,"column":0},"end":{"line":16,"column":59}}},"fnMap":{},"branchMap":{},"s":{"0":3,"1":3,"2":3,"3":3},"f":{},"b":{},"_coverageSchema":"1a1c01bbd47fc00a2c39e90264f33305004495a9","hash":"380d9ad2fc938d154c8aa7901a8468d7d770fd1c"}
,"C:\\Users\\TayfunSur\\Desktop\\Personal\\development\\Nimble Pro\\freelance-market\\models\\freelancer.js": {"path":"C:\\Users\\TayfunSur\\Desktop\\Personal\\development\\Nimble Pro\\freelance-market\\models\\freelancer.js","statementMap":{"0":{"start":{"line":1,"column":17},"end":{"line":1,"column":36}},"1":{"start":{"line":3,"column":25},"end":{"line":24,"column":2}},"2":{"start":{"line":26,"column":0},"end":{"line":26,"column":57}},"3":{"start":{"line":27,"column":0},"end":{"line":27,"column":63}}},"fnMap":{},"branchMap":{},"s":{"0":3,"1":3,"2":3,"3":3},"f":{},"b":{},"_coverageSchema":"1a1c01bbd47fc00a2c39e90264f33305004495a9","hash":"91ff8814bc2cac119564509d34583c8f8ef58f77"}
,"C:\\Users\\TayfunSur\\Desktop\\Personal\\development\\Nimble Pro\\freelance-market\\models\\job.js": {"path":"C:\\Users\\TayfunSur\\Desktop\\Personal\\development\\Nimble Pro\\freelance-market\\models\\job.js","statementMap":{"0":{"start":{"line":1,"column":17},"end":{"line":1,"column":36}},"1":{"start":{"line":3,"column":18},"end":{"line":15,"column":2}},"2":{"start":{"line":17,"column":0},"end":{"line":17,"column":50}},"3":{"start":{"line":19,"column":0},"end":{"line":19,"column":49}}},"fnMap":{},"branchMap":{},"s":{"0":3,"1":3,"2":3,"3":3},"f":{},"b":{},"_coverageSchema":"1a1c01bbd47fc00a2c39e90264f33305004495a9","hash":"9c1263c3c3d89d293990ae41ca91676c75616ed6"}
,"C:\\Users\\TayfunSur\\Desktop\\Personal\\development\\Nimble Pro\\freelance-market\\models\\order.js": {"path":"C:\\Users\\TayfunSur\\Desktop\\Personal\\development\\Nimble Pro\\freelance-market\\models\\order.js","statementMap":{"0":{"start":{"line":1,"column":17},"end":{"line":1,"column":36}},"1":{"start":{"line":3,"column":20},"end":{"line":20,"column":2}},"2":{"start":{"line":22,"column":0},"end":{"line":22,"column":52}},"3":{"start":{"line":24,"column":0},"end":{"line":24,"column":53}}},"fnMap":{},"branchMap":{},"s":{"0":3,"1":3,"2":3,"3":3},"f":{},"b":{},"_coverageSchema":"1a1c01bbd47fc00a2c39e90264f33305004495a9","hash":"83659a41d74014ff2f92780c1321b4c8161afc9d"}
,"C:\\Users\\TayfunSur\\Desktop\\Personal\\development\\Nimble Pro\\freelance-market\\routes\\employers.js": {"path":"C:\\Users\\TayfunSur\\Desktop\\Personal\\development\\Nimble Pro\\freelance-market\\routes\\employers.js","statementMap":{"0":{"start":{"line":1,"column":28},"end":{"line":1,"column":50}},"1":{"start":{"line":2,"column":15},"end":{"line":2,"column":42}},"2":{"start":{"line":4,"column":0},"end":{"line":9,"column":2}},"3":{"start":{"line":5,"column":20},"end":{"line":5,"column":48}},"4":{"start":{"line":7,"column":2},"end":{"line":7,"column":21}},"5":{"start":{"line":11,"column":0},"end":{"line":17,"column":2}},"6":{"start":{"line":12,"column":19},"end":{"line":12,"column":68}},"7":{"start":{"line":13,"column":2},"end":{"line":13,"column":68}},"8":{"start":{"line":13,"column":17},"end":{"line":13,"column":68}},"9":{"start":{"line":15,"column":2},"end":{"line":15,"column":20}},"10":{"start":{"line":19,"column":0},"end":{"line":24,"column":2}},"11":{"start":{"line":20,"column":19},"end":{"line":20,"column":27}},"12":{"start":{"line":21,"column":19},"end":{"line":21,"column":57}},"13":{"start":{"line":23,"column":2},"end":{"line":23,"column":20}},"14":{"start":{"line":26,"column":0},"end":{"line":32,"column":2}},"15":{"start":{"line":27,"column":32},"end":{"line":27,"column":42}},"16":{"start":{"line":29,"column":16},"end":{"line":29,"column":60}},"17":{"start":{"line":31,"column":2},"end":{"line":31,"column":17}},"18":{"start":{"line":34,"column":0},"end":{"line":44,"column":2}},"19":{"start":{"line":35,"column":32},"end":{"line":35,"column":42}},"20":{"start":{"line":36,"column":27},"end":{"line":36,"column":35}},"21":{"start":{"line":38,"column":2},"end":{"line":43,"column":3}},"22":{"start":{"line":39,"column":20},"end":{"line":39,"column":82}},"23":{"start":{"line":40,"column":4},"end":{"line":40,"column":21}},"24":{"start":{"line":42,"column":4},"end":{"line":42,"column":54}},"25":{"start":{"line":46,"column":0},"end":{"line":52,"column":2}},"26":{"start":{"line":47,"column":25},"end":{"line":47,"column":35}},"27":{"start":{"line":49,"column":17},"end":{"line":49,"column":66}},"28":{"start":{"line":51,"column":2},"end":{"line":51,"column":18}},"29":{"start":{"line":54,"column":0},"end":{"line":61,"column":2}},"30":{"start":{"line":55,"column":25},"end":{"line":55,"column":35}},"31":{"start":{"line":56,"column":19},"end":{"line":56,"column":27}},"32":{"start":{"line":58,"column":26},"end":{"line":58,"column":76}},"33":{"start":{"line":60,"column":2},"end":{"line":60,"column":27}},"34":{"start":{"line":63,"column":0},"end":{"line":63,"column":23}}},"fnMap":{"0":{"name":"(anonymous_0)","decl":{"start":{"line":4,"column":16},"end":{"line":4,"column":17}},"loc":{"start":{"line":4,"column":36},"end":{"line":9,"column":1}},"line":4},"1":{"name":"(anonymous_1)","decl":{"start":{"line":11,"column":27},"end":{"line":11,"column":28}},"loc":{"start":{"line":11,"column":47},"end":{"line":17,"column":1}},"line":11},"2":{"name":"(anonymous_2)","decl":{"start":{"line":19,"column":17},"end":{"line":19,"column":18}},"loc":{"start":{"line":19,"column":37},"end":{"line":24,"column":1}},"line":19},"3":{"name":"(anonymous_3)","decl":{"start":{"line":26,"column":40},"end":{"line":26,"column":41}},"loc":{"start":{"line":26,"column":60},"end":{"line":32,"column":1}},"line":26},"4":{"name":"(anonymous_4)","decl":{"start":{"line":34,"column":49},"end":{"line":34,"column":50}},"loc":{"start":{"line":34,"column":69},"end":{"line":44,"column":1}},"line":34},"5":{"name":"(anonymous_5)","decl":{"start":{"line":46,"column":30},"end":{"line":46,"column":31}},"loc":{"start":{"line":46,"column":50},"end":{"line":52,"column":1}},"line":46},"6":{"name":"(anonymous_6)","decl":{"start":{"line":54,"column":29},"end":{"line":54,"column":30}},"loc":{"start":{"line":54,"column":49},"end":{"line":61,"column":1}},"line":54}},"branchMap":{"0":{"loc":{"start":{"line":13,"column":2},"end":{"line":13,"column":68}},"type":"if","locations":[{"start":{"line":13,"column":2},"end":{"line":13,"column":68}},{"start":{"line":13,"column":2},"end":{"line":13,"column":68}}],"line":13}},"s":{"0":3,"1":3,"2":3,"3":1,"4":1,"5":3,"6":2,"7":2,"8":1,"9":1,"10":3,"11":3,"12":3,"13":3,"14":3,"15":1,"16":1,"17":1,"18":3,"19":2,"20":2,"21":2,"22":2,"23":1,"24":1,"25":3,"26":3,"27":3,"28":3,"29":3,"30":1,"31":1,"32":1,"33":1,"34":3},"f":{"0":1,"1":2,"2":3,"3":1,"4":2,"5":3,"6":1},"b":{"0":[1,1]},"_coverageSchema":"1a1c01bbd47fc00a2c39e90264f33305004495a9","hash":"b18d0b80edd0f3ec2557b0970d79fc2172a088ad"}
,"C:\\Users\\TayfunSur\\Desktop\\Personal\\development\\Nimble Pro\\freelance-market\\routes\\freelancers.js": {"path":"C:\\Users\\TayfunSur\\Desktop\\Personal\\development\\Nimble Pro\\freelance-market\\routes\\freelancers.js","statementMap":{"0":{"start":{"line":1,"column":30},"end":{"line":1,"column":52}},"1":{"start":{"line":2,"column":15},"end":{"line":2,"column":42}},"2":{"start":{"line":4,"column":0},"end":{"line":6,"column":2}},"3":{"start":{"line":5,"column":2},"end":{"line":5,"column":42}},"4":{"start":{"line":8,"column":0},"end":{"line":14,"column":2}},"5":{"start":{"line":9,"column":21},"end":{"line":9,"column":74}},"6":{"start":{"line":10,"column":2},"end":{"line":10,"column":72}},"7":{"start":{"line":10,"column":19},"end":{"line":10,"column":72}},"8":{"start":{"line":12,"column":2},"end":{"line":12,"column":22}},"9":{"start":{"line":16,"column":0},"end":{"line":22,"column":2}},"10":{"start":{"line":17,"column":54},"end":{"line":17,"column":62}},"11":{"start":{"line":19,"column":21},"end":{"line":19,"column":96}},"12":{"start":{"line":21,"column":2},"end":{"line":21,"column":22}},"13":{"start":{"line":24,"column":0},"end":{"line":35,"column":2}},"14":{"start":{"line":25,"column":27},"end":{"line":25,"column":37}},"15":{"start":{"line":26,"column":32},"end":{"line":26,"column":40}},"16":{"start":{"line":28,"column":2},"end":{"line":34,"column":3}},"17":{"start":{"line":29,"column":22},"end":{"line":29,"column":91}},"18":{"start":{"line":31,"column":4},"end":{"line":31,"column":23}},"19":{"start":{"line":33,"column":4},"end":{"line":33,"column":57}},"20":{"start":{"line":37,"column":0},"end":{"line":48,"column":2}},"21":{"start":{"line":38,"column":27},"end":{"line":38,"column":37}},"22":{"start":{"line":39,"column":50},"end":{"line":39,"column":58}},"23":{"start":{"line":41,"column":2},"end":{"line":47,"column":3}},"24":{"start":{"line":42,"column":16},"end":{"line":42,"column":100}},"25":{"start":{"line":44,"column":4},"end":{"line":44,"column":17}},"26":{"start":{"line":46,"column":4},"end":{"line":46,"column":47}},"27":{"start":{"line":50,"column":0},"end":{"line":56,"column":2}},"28":{"start":{"line":51,"column":27},"end":{"line":51,"column":37}},"29":{"start":{"line":53,"column":17},"end":{"line":53,"column":70}},"30":{"start":{"line":55,"column":2},"end":{"line":55,"column":18}},"31":{"start":{"line":58,"column":0},"end":{"line":68,"column":2}},"32":{"start":{"line":59,"column":34},"end":{"line":59,"column":44}},"33":{"start":{"line":61,"column":2},"end":{"line":67,"column":3}},"34":{"start":{"line":62,"column":19},"end":{"line":62,"column":73}},"35":{"start":{"line":64,"column":4},"end":{"line":64,"column":20}},"36":{"start":{"line":66,"column":4},"end":{"line":66,"column":47}},"37":{"start":{"line":70,"column":0},"end":{"line":80,"column":2}},"38":{"start":{"line":71,"column":36},"end":{"line":71,"column":46}},"39":{"start":{"line":72,"column":21},"end":{"line":72,"column":29}},"40":{"start":{"line":74,"column":2},"end":{"line":79,"column":3}},"41":{"start":{"line":75,"column":19},"end":{"line":75,"column":86}},"42":{"start":{"line":76,"column":4},"end":{"line":76,"column":20}},"43":{"start":{"line":78,"column":4},"end":{"line":78,"column":47}},"44":{"start":{"line":82,"column":0},"end":{"line":93,"column":2}},"45":{"start":{"line":83,"column":34},"end":{"line":83,"column":44}},"46":{"start":{"line":84,"column":50},"end":{"line":84,"column":58}},"47":{"start":{"line":86,"column":2},"end":{"line":92,"column":3}},"48":{"start":{"line":87,"column":16},"end":{"line":87,"column":107}},"49":{"start":{"line":89,"column":4},"end":{"line":89,"column":17}},"50":{"start":{"line":91,"column":4},"end":{"line":91,"column":47}},"51":{"start":{"line":95,"column":0},"end":{"line":102,"column":2}},"52":{"start":{"line":96,"column":27},"end":{"line":96,"column":37}},"53":{"start":{"line":97,"column":35},"end":{"line":97,"column":43}},"54":{"start":{"line":99,"column":28},"end":{"line":99,"column":98}},"55":{"start":{"line":101,"column":2},"end":{"line":101,"column":29}},"56":{"start":{"line":104,"column":0},"end":{"line":104,"column":23}}},"fnMap":{"0":{"name":"(anonymous_0)","decl":{"start":{"line":4,"column":16},"end":{"line":4,"column":17}},"loc":{"start":{"line":4,"column":36},"end":{"line":6,"column":1}},"line":4},"1":{"name":"(anonymous_1)","decl":{"start":{"line":8,"column":29},"end":{"line":8,"column":30}},"loc":{"start":{"line":8,"column":49},"end":{"line":14,"column":1}},"line":8},"2":{"name":"(anonymous_2)","decl":{"start":{"line":16,"column":17},"end":{"line":16,"column":18}},"loc":{"start":{"line":16,"column":37},"end":{"line":22,"column":1}},"line":16},"3":{"name":"(anonymous_3)","decl":{"start":{"line":24,"column":40},"end":{"line":24,"column":41}},"loc":{"start":{"line":24,"column":60},"end":{"line":35,"column":1}},"line":24},"4":{"name":"(anonymous_4)","decl":{"start":{"line":37,"column":35},"end":{"line":37,"column":36}},"loc":{"start":{"line":37,"column":55},"end":{"line":48,"column":1}},"line":37},"5":{"name":"(anonymous_5)","decl":{"start":{"line":50,"column":32},"end":{"line":50,"column":33}},"loc":{"start":{"line":50,"column":52},"end":{"line":56,"column":1}},"line":50},"6":{"name":"(anonymous_6)","decl":{"start":{"line":58,"column":44},"end":{"line":58,"column":45}},"loc":{"start":{"line":58,"column":64},"end":{"line":68,"column":1}},"line":58},"7":{"name":"(anonymous_7)","decl":{"start":{"line":70,"column":54},"end":{"line":70,"column":55}},"loc":{"start":{"line":70,"column":74},"end":{"line":80,"column":1}},"line":70},"8":{"name":"(anonymous_8)","decl":{"start":{"line":82,"column":43},"end":{"line":82,"column":44}},"loc":{"start":{"line":82,"column":63},"end":{"line":93,"column":1}},"line":82},"9":{"name":"(anonymous_9)","decl":{"start":{"line":95,"column":31},"end":{"line":95,"column":32}},"loc":{"start":{"line":95,"column":51},"end":{"line":102,"column":1}},"line":95}},"branchMap":{"0":{"loc":{"start":{"line":10,"column":2},"end":{"line":10,"column":72}},"type":"if","locations":[{"start":{"line":10,"column":2},"end":{"line":10,"column":72}},{"start":{"line":10,"column":2},"end":{"line":10,"column":72}}],"line":10}},"s":{"0":3,"1":3,"2":3,"3":1,"4":3,"5":2,"6":2,"7":1,"8":1,"9":3,"10":3,"11":3,"12":3,"13":3,"14":2,"15":2,"16":2,"17":2,"18":1,"19":1,"20":3,"21":3,"22":3,"23":3,"24":3,"25":2,"26":1,"27":3,"28":3,"29":3,"30":3,"31":3,"32":3,"33":3,"34":3,"35":1,"36":2,"37":3,"38":8,"39":8,"40":8,"41":8,"42":4,"43":4,"44":3,"45":3,"46":3,"47":3,"48":3,"49":1,"50":2,"51":3,"52":1,"53":1,"54":1,"55":1,"56":3},"f":{"0":1,"1":2,"2":3,"3":2,"4":3,"5":3,"6":3,"7":8,"8":3,"9":1},"b":{"0":[1,1]},"_coverageSchema":"1a1c01bbd47fc00a2c39e90264f33305004495a9","hash":"ded8e7784b406f901760d4f278d7a00681c6f12a"}
,"C:\\Users\\TayfunSur\\Desktop\\Personal\\development\\Nimble Pro\\freelance-market\\routes\\index.js": {"path":"C:\\Users\\TayfunSur\\Desktop\\Personal\\development\\Nimble Pro\\freelance-market\\routes\\index.js","statementMap":{"0":{"start":{"line":1,"column":23},"end":{"line":1,"column":45}},"1":{"start":{"line":2,"column":15},"end":{"line":2,"column":42}},"2":{"start":{"line":4,"column":0},"end":{"line":6,"column":2}},"3":{"start":{"line":5,"column":2},"end":{"line":5,"column":21}},"4":{"start":{"line":8,"column":0},"end":{"line":14,"column":2}},"5":{"start":{"line":9,"column":22},"end":{"line":9,"column":32}},"6":{"start":{"line":11,"column":15},"end":{"line":11,"column":54}},"7":{"start":{"line":13,"column":2},"end":{"line":13,"column":40}},"8":{"start":{"line":16,"column":0},"end":{"line":16,"column":23}}},"fnMap":{"0":{"name":"(anonymous_0)","decl":{"start":{"line":4,"column":16},"end":{"line":4,"column":17}},"loc":{"start":{"line":4,"column":30},"end":{"line":6,"column":1}},"line":4},"1":{"name":"(anonymous_1)","decl":{"start":{"line":8,"column":31},"end":{"line":8,"column":32}},"loc":{"start":{"line":8,"column":51},"end":{"line":14,"column":1}},"line":8}},"branchMap":{},"s":{"0":3,"1":3,"2":3,"3":1,"4":3,"5":1,"6":1,"7":1,"8":3},"f":{"0":1,"1":1},"b":{},"_coverageSchema":"1a1c01bbd47fc00a2c39e90264f33305004495a9","hash":"4eac468ca1cca362ec6c00db7a151ae6021ff393"}
,"C:\\Users\\TayfunSur\\Desktop\\Personal\\development\\Nimble Pro\\freelance-market\\routes\\jobs.js": {"path":"C:\\Users\\TayfunSur\\Desktop\\Personal\\development\\Nimble Pro\\freelance-market\\routes\\jobs.js","statementMap":{"0":{"start":{"line":1,"column":23},"end":{"line":1,"column":45}},"1":{"start":{"line":2,"column":15},"end":{"line":2,"column":42}},"2":{"start":{"line":4,"column":0},"end":{"line":9,"column":2}},"3":{"start":{"line":5,"column":15},"end":{"line":5,"column":38}},"4":{"start":{"line":7,"column":2},"end":{"line":7,"column":16}},"5":{"start":{"line":11,"column":0},"end":{"line":17,"column":2}},"6":{"start":{"line":12,"column":14},"end":{"line":12,"column":53}},"7":{"start":{"line":13,"column":2},"end":{"line":13,"column":58}},"8":{"start":{"line":13,"column":12},"end":{"line":13,"column":58}},"9":{"start":{"line":15,"column":2},"end":{"line":15,"column":15}},"10":{"start":{"line":19,"column":0},"end":{"line":19,"column":23}}},"fnMap":{"0":{"name":"(anonymous_0)","decl":{"start":{"line":4,"column":16},"end":{"line":4,"column":17}},"loc":{"start":{"line":4,"column":36},"end":{"line":9,"column":1}},"line":4},"1":{"name":"(anonymous_1)","decl":{"start":{"line":11,"column":22},"end":{"line":11,"column":23}},"loc":{"start":{"line":11,"column":42},"end":{"line":17,"column":1}},"line":11}},"branchMap":{"0":{"loc":{"start":{"line":13,"column":2},"end":{"line":13,"column":58}},"type":"if","locations":[{"start":{"line":13,"column":2},"end":{"line":13,"column":58}},{"start":{"line":13,"column":2},"end":{"line":13,"column":58}}],"line":13}},"s":{"0":3,"1":3,"2":3,"3":1,"4":1,"5":3,"6":2,"7":2,"8":1,"9":1,"10":3},"f":{"0":1,"1":2},"b":{"0":[1,1]},"_coverageSchema":"1a1c01bbd47fc00a2c39e90264f33305004495a9","hash":"a4d196b7494fb9d007a6e1d85d10c64d6aae5a4e"}
,"C:\\Users\\TayfunSur\\Desktop\\Personal\\development\\Nimble Pro\\freelance-market\\routes\\orders.js": {"path":"C:\\Users\\TayfunSur\\Desktop\\Personal\\development\\Nimble Pro\\freelance-market\\routes\\orders.js","statementMap":{"0":{"start":{"line":1,"column":25},"end":{"line":1,"column":47}},"1":{"start":{"line":2,"column":15},"end":{"line":2,"column":42}},"2":{"start":{"line":4,"column":0},"end":{"line":8,"column":2}},"3":{"start":{"line":5,"column":17},"end":{"line":5,"column":42}},"4":{"start":{"line":7,"column":2},"end":{"line":7,"column":34}},"5":{"start":{"line":10,"column":0},"end":{"line":14,"column":2}},"6":{"start":{"line":11,"column":16},"end":{"line":11,"column":59}},"7":{"start":{"line":12,"column":2},"end":{"line":12,"column":62}},"8":{"start":{"line":12,"column":14},"end":{"line":12,"column":62}},"9":{"start":{"line":13,"column":2},"end":{"line":13,"column":32}},"10":{"start":{"line":16,"column":0},"end":{"line":16,"column":23}}},"fnMap":{"0":{"name":"(anonymous_0)","decl":{"start":{"line":4,"column":16},"end":{"line":4,"column":17}},"loc":{"start":{"line":4,"column":36},"end":{"line":8,"column":1}},"line":4},"1":{"name":"(anonymous_1)","decl":{"start":{"line":10,"column":24},"end":{"line":10,"column":25}},"loc":{"start":{"line":10,"column":44},"end":{"line":14,"column":1}},"line":10}},"branchMap":{"0":{"loc":{"start":{"line":12,"column":2},"end":{"line":12,"column":62}},"type":"if","locations":[{"start":{"line":12,"column":2},"end":{"line":12,"column":62}},{"start":{"line":12,"column":2},"end":{"line":12,"column":62}}],"line":12}},"s":{"0":3,"1":3,"2":3,"3":1,"4":1,"5":3,"6":2,"7":2,"8":1,"9":1,"10":3},"f":{"0":1,"1":2},"b":{"0":[1,1]},"_coverageSchema":"1a1c01bbd47fc00a2c39e90264f33305004495a9","hash":"8ff9b0d43a702d8072a01cc7dd6a75b2e22d294f"}
,"C:\\Users\\TayfunSur\\Desktop\\Personal\\development\\Nimble Pro\\freelance-market\\services\\base-service.js": {"path":"C:\\Users\\TayfunSur\\Desktop\\Personal\\development\\Nimble Pro\\freelance-market\\services\\base-service.js","statementMap":{"0":{"start":{"line":3,"column":4},"end":{"line":3,"column":22}},"1":{"start":{"line":7,"column":4},"end":{"line":7,"column":41}},"2":{"start":{"line":11,"column":4},"end":{"line":11,"column":28}},"3":{"start":{"line":15,"column":4},"end":{"line":15,"column":36}},"4":{"start":{"line":19,"column":4},"end":{"line":19,"column":54}},"5":{"start":{"line":23,"column":4},"end":{"line":23,"column":66}},"6":{"start":{"line":27,"column":4},"end":{"line":27,"column":73}},"7":{"start":{"line":31,"column":4},"end":{"line":31,"column":34}},"8":{"start":{"line":35,"column":4},"end":{"line":35,"column":49}},"9":{"start":{"line":39,"column":0},"end":{"line":39,"column":28}}},"fnMap":{"0":{"name":"(anonymous_0)","decl":{"start":{"line":2,"column":2},"end":{"line":2,"column":3}},"loc":{"start":{"line":2,"column":21},"end":{"line":4,"column":3}},"line":2},"1":{"name":"(anonymous_1)","decl":{"start":{"line":6,"column":2},"end":{"line":6,"column":3}},"loc":{"start":{"line":6,"column":16},"end":{"line":8,"column":3}},"line":6},"2":{"name":"(anonymous_2)","decl":{"start":{"line":10,"column":2},"end":{"line":10,"column":3}},"loc":{"start":{"line":10,"column":9},"end":{"line":12,"column":3}},"line":10},"3":{"name":"(anonymous_3)","decl":{"start":{"line":14,"column":2},"end":{"line":14,"column":3}},"loc":{"start":{"line":14,"column":23},"end":{"line":16,"column":3}},"line":14},"4":{"name":"(anonymous_4)","decl":{"start":{"line":18,"column":2},"end":{"line":18,"column":3}},"loc":{"start":{"line":18,"column":34},"end":{"line":20,"column":3}},"line":18},"5":{"name":"(anonymous_5)","decl":{"start":{"line":22,"column":2},"end":{"line":22,"column":3}},"loc":{"start":{"line":22,"column":27},"end":{"line":24,"column":3}},"line":22},"6":{"name":"(anonymous_6)","decl":{"start":{"line":26,"column":2},"end":{"line":26,"column":3}},"loc":{"start":{"line":26,"column":23},"end":{"line":28,"column":3}},"line":26},"7":{"name":"(anonymous_7)","decl":{"start":{"line":30,"column":2},"end":{"line":30,"column":3}},"loc":{"start":{"line":30,"column":17},"end":{"line":32,"column":3}},"line":30},"8":{"name":"(anonymous_8)","decl":{"start":{"line":34,"column":2},"end":{"line":34,"column":3}},"loc":{"start":{"line":34,"column":32},"end":{"line":36,"column":3}},"line":34}},"branchMap":{},"s":{"0":12,"1":1,"2":4,"3":9,"4":7,"5":3,"6":1,"7":40,"8":2,"9":3},"f":{"0":12,"1":1,"2":4,"3":9,"4":7,"5":3,"6":1,"7":40,"8":2},"b":{},"_coverageSchema":"1a1c01bbd47fc00a2c39e90264f33305004495a9","hash":"7c83cb55230e3acd335faa87fd47d7bf008fe174"}
,"C:\\Users\\TayfunSur\\Desktop\\Personal\\development\\Nimble Pro\\freelance-market\\services\\employer-service.js": {"path":"C:\\Users\\TayfunSur\\Desktop\\Personal\\development\\Nimble Pro\\freelance-market\\services\\employer-service.js","statementMap":{"0":{"start":{"line":1,"column":20},"end":{"line":1,"column":45}},"1":{"start":{"line":2,"column":21},"end":{"line":2,"column":47}},"2":{"start":{"line":3,"column":19},"end":{"line":3,"column":43}},"3":{"start":{"line":4,"column":17},"end":{"line":4,"column":46}},"4":{"start":{"line":8,"column":21},"end":{"line":8,"column":48}},"5":{"start":{"line":9,"column":16},"end":{"line":9,"column":44}},"6":{"start":{"line":10,"column":23},"end":{"line":10,"column":37}},"7":{"start":{"line":12,"column":18},"end":{"line":18,"column":6}},"8":{"start":{"line":19,"column":4},"end":{"line":19,"column":31}},"9":{"start":{"line":20,"column":4},"end":{"line":20,"column":33}},"10":{"start":{"line":21,"column":4},"end":{"line":21,"column":32}},"11":{"start":{"line":23,"column":4},"end":{"line":23,"column":25}},"12":{"start":{"line":24,"column":4},"end":{"line":24,"column":20}},"13":{"start":{"line":25,"column":4},"end":{"line":25,"column":27}},"14":{"start":{"line":27,"column":4},"end":{"line":27,"column":16}},"15":{"start":{"line":31,"column":21},"end":{"line":31,"column":48}},"16":{"start":{"line":32,"column":16},"end":{"line":32,"column":44}},"17":{"start":{"line":34,"column":18},"end":{"line":34,"column":74}},"18":{"start":{"line":34,"column":52},"end":{"line":34,"column":73}},"19":{"start":{"line":35,"column":4},"end":{"line":35,"column":55}},"20":{"start":{"line":35,"column":21},"end":{"line":35,"column":55}},"21":{"start":{"line":37,"column":20},"end":{"line":37,"column":36}},"22":{"start":{"line":39,"column":4},"end":{"line":39,"column":30}},"23":{"start":{"line":40,"column":4},"end":{"line":40,"column":20}},"24":{"start":{"line":42,"column":4},"end":{"line":42,"column":18}},"25":{"start":{"line":46,"column":0},"end":{"line":46,"column":46}}},"fnMap":{"0":{"name":"(anonymous_0)","decl":{"start":{"line":7,"column":2},"end":{"line":7,"column":3}},"loc":{"start":{"line":7,"column":31},"end":{"line":28,"column":3}},"line":7},"1":{"name":"(anonymous_1)","decl":{"start":{"line":30,"column":2},"end":{"line":30,"column":3}},"loc":{"start":{"line":30,"column":49},"end":{"line":43,"column":3}},"line":30},"2":{"name":"(anonymous_2)","decl":{"start":{"line":34,"column":44},"end":{"line":34,"column":45}},"loc":{"start":{"line":34,"column":52},"end":{"line":34,"column":73}},"line":34}},"branchMap":{"0":{"loc":{"start":{"line":35,"column":4},"end":{"line":35,"column":55}},"type":"if","locations":[{"start":{"line":35,"column":4},"end":{"line":35,"column":55}},{"start":{"line":35,"column":4},"end":{"line":35,"column":55}}],"line":35}},"s":{"0":3,"1":3,"2":3,"3":3,"4":1,"5":1,"6":1,"7":1,"8":1,"9":1,"10":1,"11":1,"12":1,"13":1,"14":1,"15":2,"16":2,"17":2,"18":1,"19":2,"20":1,"21":1,"22":1,"23":1,"24":1,"25":3},"f":{"0":1,"1":2,"2":1},"b":{"0":[1,1]},"_coverageSchema":"1a1c01bbd47fc00a2c39e90264f33305004495a9","hash":"ff773d67db20912e477e69def8abc9cc379dd18b"}
,"C:\\Users\\TayfunSur\\Desktop\\Personal\\development\\Nimble Pro\\freelance-market\\services\\freelancer-service.js": {"path":"C:\\Users\\TayfunSur\\Desktop\\Personal\\development\\Nimble Pro\\freelance-market\\services\\freelancer-service.js","statementMap":{"0":{"start":{"line":1,"column":20},"end":{"line":1,"column":45}},"1":{"start":{"line":2,"column":19},"end":{"line":2,"column":43}},"2":{"start":{"line":3,"column":21},"end":{"line":3,"column":47}},"3":{"start":{"line":4,"column":19},"end":{"line":4,"column":50}},"4":{"start":{"line":8,"column":4},"end":{"line":8,"column":42}},"5":{"start":{"line":12,"column":23},"end":{"line":12,"column":52}},"6":{"start":{"line":13,"column":4},"end":{"line":13,"column":62}},"7":{"start":{"line":13,"column":21},"end":{"line":13,"column":62}},"8":{"start":{"line":15,"column":16},"end":{"line":15,"column":92}},"9":{"start":{"line":16,"column":4},"end":{"line":16,"column":29}},"10":{"start":{"line":18,"column":4},"end":{"line":18,"column":27}},"11":{"start":{"line":20,"column":4},"end":{"line":20,"column":14}},"12":{"start":{"line":24,"column":23},"end":{"line":24,"column":52}},"13":{"start":{"line":25,"column":4},"end":{"line":25,"column":62}},"14":{"start":{"line":25,"column":21},"end":{"line":25,"column":62}},"15":{"start":{"line":27,"column":18},"end":{"line":27,"column":67}},"16":{"start":{"line":27,"column":51},"end":{"line":27,"column":66}},"17":{"start":{"line":28,"column":4},"end":{"line":28,"column":55}},"18":{"start":{"line":28,"column":21},"end":{"line":28,"column":55}},"19":{"start":{"line":30,"column":23},"end":{"line":30,"column":94}},"20":{"start":{"line":31,"column":4},"end":{"line":31,"column":21}},"21":{"start":{"line":35,"column":23},"end":{"line":35,"column":52}},"22":{"start":{"line":36,"column":4},"end":{"line":36,"column":62}},"23":{"start":{"line":36,"column":21},"end":{"line":36,"column":62}},"24":{"start":{"line":38,"column":18},"end":{"line":38,"column":67}},"25":{"start":{"line":38,"column":51},"end":{"line":38,"column":66}},"26":{"start":{"line":39,"column":4},"end":{"line":39,"column":55}},"27":{"start":{"line":39,"column":21},"end":{"line":39,"column":55}},"28":{"start":{"line":41,"column":23},"end":{"line":41,"column":62}},"29":{"start":{"line":43,"column":4},"end":{"line":43,"column":21}},"30":{"start":{"line":47,"column":23},"end":{"line":47,"column":52}},"31":{"start":{"line":48,"column":4},"end":{"line":48,"column":62}},"32":{"start":{"line":48,"column":21},"end":{"line":48,"column":62}},"33":{"start":{"line":50,"column":22},"end":{"line":50,"column":43}},"34":{"start":{"line":51,"column":4},"end":{"line":51,"column":42}},"35":{"start":{"line":53,"column":4},"end":{"line":53,"column":27}},"36":{"start":{"line":55,"column":4},"end":{"line":55,"column":20}},"37":{"start":{"line":59,"column":23},"end":{"line":59,"column":52}},"38":{"start":{"line":60,"column":4},"end":{"line":60,"column":62}},"39":{"start":{"line":60,"column":21},"end":{"line":60,"column":62}},"40":{"start":{"line":62,"column":18},"end":{"line":62,"column":50}},"41":{"start":{"line":63,"column":4},"end":{"line":63,"column":52}},"42":{"start":{"line":63,"column":16},"end":{"line":63,"column":52}},"43":{"start":{"line":65,"column":18},"end":{"line":65,"column":76}},"44":{"start":{"line":65,"column":55},"end":{"line":65,"column":75}},"45":{"start":{"line":66,"column":4},"end":{"line":66,"column":81}},"46":{"start":{"line":66,"column":21},"end":{"line":66,"column":81}},"47":{"start":{"line":68,"column":4},"end":{"line":83,"column":5}},"48":{"start":{"line":70,"column":8},"end":{"line":70,"column":29}},"49":{"start":{"line":71,"column":8},"end":{"line":71,"column":13}},"50":{"start":{"line":73,"column":8},"end":{"line":73,"column":35}},"51":{"start":{"line":74,"column":8},"end":{"line":74,"column":13}},"52":{"start":{"line":76,"column":8},"end":{"line":76,"column":29}},"53":{"start":{"line":77,"column":8},"end":{"line":77,"column":13}},"54":{"start":{"line":79,"column":8},"end":{"line":79,"column":33}},"55":{"start":{"line":80,"column":8},"end":{"line":80,"column":13}},"56":{"start":{"line":82,"column":8},"end":{"line":82,"column":39}},"57":{"start":{"line":85,"column":4},"end":{"line":85,"column":16}},"58":{"start":{"line":87,"column":4},"end":{"line":87,"column":23}},"59":{"start":{"line":91,"column":0},"end":{"line":91,"column":50}}},"fnMap":{"0":{"name":"(anonymous_0)","decl":{"start":{"line":7,"column":2},"end":{"line":7,"column":3}},"loc":{"start":{"line":7,"column":25},"end":{"line":9,"column":3}},"line":7},"1":{"name":"(anonymous_1)","decl":{"start":{"line":11,"column":2},"end":{"line":11,"column":3}},"loc":{"start":{"line":11,"column":69},"end":{"line":21,"column":3}},"line":11},"2":{"name":"(anonymous_2)","decl":{"start":{"line":23,"column":2},"end":{"line":23,"column":3}},"loc":{"start":{"line":23,"column":76},"end":{"line":32,"column":3}},"line":23},"3":{"name":"(anonymous_3)","decl":{"start":{"line":27,"column":44},"end":{"line":27,"column":45}},"loc":{"start":{"line":27,"column":51},"end":{"line":27,"column":66}},"line":27},"4":{"name":"(anonymous_4)","decl":{"start":{"line":34,"column":2},"end":{"line":34,"column":3}},"loc":{"start":{"line":34,"column":39},"end":{"line":44,"column":3}},"line":34},"5":{"name":"(anonymous_5)","decl":{"start":{"line":38,"column":44},"end":{"line":38,"column":45}},"loc":{"start":{"line":38,"column":51},"end":{"line":38,"column":66}},"line":38},"6":{"name":"(anonymous_6)","decl":{"start":{"line":46,"column":2},"end":{"line":46,"column":3}},"loc":{"start":{"line":46,"column":54},"end":{"line":56,"column":3}},"line":46},"7":{"name":"(anonymous_7)","decl":{"start":{"line":58,"column":2},"end":{"line":58,"column":3}},"loc":{"start":{"line":58,"column":52},"end":{"line":88,"column":3}},"line":58},"8":{"name":"(anonymous_8)","decl":{"start":{"line":65,"column":46},"end":{"line":65,"column":47}},"loc":{"start":{"line":65,"column":55},"end":{"line":65,"column":75}},"line":65}},"branchMap":{"0":{"loc":{"start":{"line":13,"column":4},"end":{"line":13,"column":62}},"type":"if","locations":[{"start":{"line":13,"column":4},"end":{"line":13,"column":62}},{"start":{"line":13,"column":4},"end":{"line":13,"column":62}}],"line":13},"1":{"loc":{"start":{"line":25,"column":4},"end":{"line":25,"column":62}},"type":"if","locations":[{"start":{"line":25,"column":4},"end":{"line":25,"column":62}},{"start":{"line":25,"column":4},"end":{"line":25,"column":62}}],"line":25},"2":{"loc":{"start":{"line":28,"column":4},"end":{"line":28,"column":55}},"type":"if","locations":[{"start":{"line":28,"column":4},"end":{"line":28,"column":55}},{"start":{"line":28,"column":4},"end":{"line":28,"column":55}}],"line":28},"3":{"loc":{"start":{"line":36,"column":4},"end":{"line":36,"column":62}},"type":"if","locations":[{"start":{"line":36,"column":4},"end":{"line":36,"column":62}},{"start":{"line":36,"column":4},"end":{"line":36,"column":62}}],"line":36},"4":{"loc":{"start":{"line":39,"column":4},"end":{"line":39,"column":55}},"type":"if","locations":[{"start":{"line":39,"column":4},"end":{"line":39,"column":55}},{"start":{"line":39,"column":4},"end":{"line":39,"column":55}}],"line":39},"5":{"loc":{"start":{"line":48,"column":4},"end":{"line":48,"column":62}},"type":"if","locations":[{"start":{"line":48,"column":4},"end":{"line":48,"column":62}},{"start":{"line":48,"column":4},"end":{"line":48,"column":62}}],"line":48},"6":{"loc":{"start":{"line":60,"column":4},"end":{"line":60,"column":62}},"type":"if","locations":[{"start":{"line":60,"column":4},"end":{"line":60,"column":62}},{"start":{"line":60,"column":4},"end":{"line":60,"column":62}}],"line":60},"7":{"loc":{"start":{"line":63,"column":4},"end":{"line":63,"column":52}},"type":"if","locations":[{"start":{"line":63,"column":4},"end":{"line":63,"column":52}},{"start":{"line":63,"column":4},"end":{"line":63,"column":52}}],"line":63},"8":{"loc":{"start":{"line":66,"column":4},"end":{"line":66,"column":81}},"type":"if","locations":[{"start":{"line":66,"column":4},"end":{"line":66,"column":81}},{"start":{"line":66,"column":4},"end":{"line":66,"column":81}}],"line":66},"9":{"loc":{"start":{"line":68,"column":4},"end":{"line":83,"column":5}},"type":"switch","locations":[{"start":{"line":69,"column":6},"end":{"line":71,"column":13}},{"start":{"line":72,"column":6},"end":{"line":74,"column":13}},{"start":{"line":75,"column":6},"end":{"line":77,"column":13}},{"start":{"line":78,"column":6},"end":{"line":80,"column":13}},{"start":{"line":81,"column":6},"end":{"line":82,"column":39}}],"line":68}},"s":{"0":3,"1":3,"2":3,"3":3,"4":1,"5":3,"6":3,"7":1,"8":2,"9":2,"10":2,"11":2,"12":3,"13":3,"14":1,"15":2,"16":2,"17":2,"18":1,"19":1,"20":1,"21":3,"22":3,"23":1,"24":2,"25":2,"26":2,"27":1,"28":1,"29":1,"30":2,"31":2,"32":1,"33":1,"34":1,"35":1,"36":1,"37":8,"38":8,"39":1,"40":7,"41":7,"42":1,"43":6,"44":5,"45":6,"46":1,"47":5,"48":1,"49":1,"50":1,"51":1,"52":1,"53":1,"54":1,"55":1,"56":1,"57":4,"58":4,"59":3},"f":{"0":1,"1":3,"2":3,"3":2,"4":3,"5":2,"6":2,"7":8,"8":5},"b":{"0":[1,2],"1":[1,2],"2":[1,1],"3":[1,2],"4":[1,1],"5":[1,1],"6":[1,7],"7":[1,6],"8":[1,5],"9":[1,1,1,1,1]},"_coverageSchema":"1a1c01bbd47fc00a2c39e90264f33305004495a9","hash":"4ac5e1e9d0cf47a12bf8853e0ec9a4ef527d184c"}
,"C:\\Users\\TayfunSur\\Desktop\\Personal\\development\\Nimble Pro\\freelance-market\\services\\index.js": {"path":"C:\\Users\\TayfunSur\\Desktop\\Personal\\development\\Nimble Pro\\freelance-market\\services\\index.js","statementMap":{"0":{"start":{"line":1,"column":26},"end":{"line":1,"column":57}},"1":{"start":{"line":2,"column":24},"end":{"line":2,"column":53}},"2":{"start":{"line":3,"column":19},"end":{"line":3,"column":43}},"3":{"start":{"line":4,"column":21},"end":{"line":4,"column":47}},"4":{"start":{"line":7,"column":0},"end":{"line":7,"column":81}}},"fnMap":{},"branchMap":{},"s":{"0":3,"1":3,"2":3,"3":3,"4":3},"f":{},"b":{},"_coverageSchema":"1a1c01bbd47fc00a2c39e90264f33305004495a9","hash":"f78b90d74d472dbb70bd5856960a73b2799ecb57"}
,"C:\\Users\\TayfunSur\\Desktop\\Personal\\development\\Nimble Pro\\freelance-market\\services\\job-service.js": {"path":"C:\\Users\\TayfunSur\\Desktop\\Personal\\development\\Nimble Pro\\freelance-market\\services\\job-service.js","statementMap":{"0":{"start":{"line":1,"column":20},"end":{"line":1,"column":45}},"1":{"start":{"line":2,"column":12},"end":{"line":2,"column":36}},"2":{"start":{"line":6,"column":20},"end":{"line":6,"column":45}},"3":{"start":{"line":8,"column":4},"end":{"line":8,"column":18}},"4":{"start":{"line":12,"column":0},"end":{"line":12,"column":36}}},"fnMap":{"0":{"name":"(anonymous_0)","decl":{"start":{"line":5,"column":2},"end":{"line":5,"column":3}},"loc":{"start":{"line":5,"column":31},"end":{"line":9,"column":3}},"line":5}},"branchMap":{},"s":{"0":3,"1":3,"2":1,"3":1,"4":3},"f":{"0":1},"b":{},"_coverageSchema":"1a1c01bbd47fc00a2c39e90264f33305004495a9","hash":"b869257949e1a0b56351a675ed50149df9c209ac"}
,"C:\\Users\\TayfunSur\\Desktop\\Personal\\development\\Nimble Pro\\freelance-market\\services\\order-service.js": {"path":"C:\\Users\\TayfunSur\\Desktop\\Personal\\development\\Nimble Pro\\freelance-market\\services\\order-service.js","statementMap":{"0":{"start":{"line":1,"column":20},"end":{"line":1,"column":45}},"1":{"start":{"line":2,"column":14},"end":{"line":2,"column":40}},"2":{"start":{"line":6,"column":0},"end":{"line":6,"column":40}}},"fnMap":{},"branchMap":{},"s":{"0":3,"1":3,"2":3},"f":{},"b":{},"_coverageSchema":"1a1c01bbd47fc00a2c39e90264f33305004495a9","hash":"c9432f8ae1a72d13d7e159b0e00d857c74d2f3ba"}
}
