TN:
SF:index.js
FNF:0
FNH:0
DA:1,3
DA:2,3
DA:3,3
DA:4,3
DA:5,3
DA:6,3
DA:7,3
DA:8,3
DA:10,3
DA:12,3
DA:13,3
DA:15,3
DA:17,3
DA:18,3
DA:19,3
DA:20,3
DA:21,3
DA:23,3
LF:18
LH:18
BRF:0
BRH:0
end_of_record
TN:
SF:mongo-connection.js
FN:6,(anonymous_0)
FNF:1
FNH:1
FNDA:3,(anonymous_0)
DA:1,3
DA:2,3
DA:4,3
DA:5,3
DA:6,3
DA:7,3
LF:6
LH:6
BRF:0
BRH:0
end_of_record
TN:
SF:lib\print-order-history.js
FN:1,printOrder
FN:7,printOrderHistory
FNF:2
FNH:2
FNDA:1,printOrder
FNDA:2,printOrderHistory
DA:2,1
DA:8,2
DA:10,1
DA:13,1
LF:4
LH:4
BRDA:8,0,0,1
BRDA:8,0,1,1
BRF:2
BRH:2
end_of_record
TN:
SF:models\employer.js
FNF:0
FNH:0
DA:1,3
DA:3,3
DA:14,3
DA:16,3
LF:4
LH:4
BRF:0
BRH:0
end_of_record
TN:
SF:models\freelancer.js
FNF:0
FNH:0
DA:1,3
DA:3,3
DA:26,3
DA:27,3
LF:4
LH:4
BRF:0
BRH:0
end_of_record
TN:
SF:models\job.js
FNF:0
FNH:0
DA:1,3
DA:3,3
DA:17,3
DA:19,3
LF:4
LH:4
BRF:0
BRH:0
end_of_record
TN:
SF:models\order.js
FNF:0
FNH:0
DA:1,3
DA:3,3
DA:22,3
DA:24,3
LF:4
LH:4
BRF:0
BRH:0
end_of_record
TN:
SF:routes\employers.js
FN:4,(anonymous_0)
FN:11,(anonymous_1)
FN:19,(anonymous_2)
FN:26,(anonymous_3)
FN:34,(anonymous_4)
FN:46,(anonymous_5)
FN:54,(anonymous_6)
FNF:7
FNH:7
FNDA:1,(anonymous_0)
FNDA:2,(anonymous_1)
FNDA:3,(anonymous_2)
FNDA:1,(anonymous_3)
FNDA:2,(anonymous_4)
FNDA:3,(anonymous_5)
FNDA:1,(anonymous_6)
DA:1,3
DA:2,3
DA:4,3
DA:5,1
DA:7,1
DA:11,3
DA:12,2
DA:13,2
DA:15,1
DA:19,3
DA:20,3
DA:21,3
DA:23,3
DA:26,3
DA:27,1
DA:29,1
DA:31,1
DA:34,3
DA:35,2
DA:36,2
DA:38,2
DA:39,2
DA:40,1
DA:42,1
DA:46,3
DA:47,3
DA:49,3
DA:51,3
DA:54,3
DA:55,1
DA:56,1
DA:58,1
DA:60,1
DA:63,3
LF:34
LH:34
BRDA:13,0,0,1
BRDA:13,0,1,1
BRF:2
BRH:2
end_of_record
TN:
SF:routes\freelancers.js
FN:4,(anonymous_0)
FN:8,(anonymous_1)
FN:16,(anonymous_2)
FN:24,(anonymous_3)
FN:37,(anonymous_4)
FN:50,(anonymous_5)
FN:58,(anonymous_6)
FN:70,(anonymous_7)
FN:82,(anonymous_8)
FN:95,(anonymous_9)
FNF:10
FNH:10
FNDA:1,(anonymous_0)
FNDA:2,(anonymous_1)
FNDA:3,(anonymous_2)
FNDA:2,(anonymous_3)
FNDA:3,(anonymous_4)
FNDA:3,(anonymous_5)
FNDA:3,(anonymous_6)
FNDA:8,(anonymous_7)
FNDA:3,(anonymous_8)
FNDA:1,(anonymous_9)
DA:1,3
DA:2,3
DA:4,3
DA:5,1
DA:8,3
DA:9,2
DA:10,2
DA:12,1
DA:16,3
DA:17,3
DA:19,3
DA:21,3
DA:24,3
DA:25,2
DA:26,2
DA:28,2
DA:29,2
DA:31,1
DA:33,1
DA:37,3
DA:38,3
DA:39,3
DA:41,3
DA:42,3
DA:44,2
DA:46,1
DA:50,3
DA:51,3
DA:53,3
DA:55,3
DA:58,3
DA:59,3
DA:61,3
DA:62,3
DA:64,1
DA:66,2
DA:70,3
DA:71,8
DA:72,8
DA:74,8
DA:75,8
DA:76,4
DA:78,4
DA:82,3
DA:83,3
DA:84,3
DA:86,3
DA:87,3
DA:89,1
DA:91,2
DA:95,3
DA:96,1
DA:97,1
DA:99,1
DA:101,1
DA:104,3
LF:56
LH:56
BRDA:10,0,0,1
BRDA:10,0,1,1
BRF:2
BRH:2
end_of_record
TN:
SF:routes\index.js
FN:4,(anonymous_0)
FN:8,(anonymous_1)
FNF:2
FNH:2
FNDA:1,(anonymous_0)
FNDA:1,(anonymous_1)
DA:1,3
DA:2,3
DA:4,3
DA:5,1
DA:8,3
DA:9,1
DA:11,1
DA:13,1
DA:16,3
LF:9
LH:9
BRF:0
BRH:0
end_of_record
TN:
SF:routes\jobs.js
FN:4,(anonymous_0)
FN:11,(anonymous_1)
FNF:2
FNH:2
FNDA:1,(anonymous_0)
FNDA:2,(anonymous_1)
DA:1,3
DA:2,3
DA:4,3
DA:5,1
DA:7,1
DA:11,3
DA:12,2
DA:13,2
DA:15,1
DA:19,3
LF:10
LH:10
BRDA:13,0,0,1
BRDA:13,0,1,1
BRF:2
BRH:2
end_of_record
TN:
SF:routes\orders.js
FN:4,(anonymous_0)
FN:10,(anonymous_1)
FNF:2
FNH:2
FNDA:1,(anonymous_0)
FNDA:2,(anonymous_1)
DA:1,3
DA:2,3
DA:4,3
DA:5,1
DA:7,1
DA:10,3
DA:11,2
DA:12,2
DA:13,1
DA:16,3
LF:10
LH:10
BRDA:12,0,0,1
BRDA:12,0,1,1
BRF:2
BRH:2
end_of_record
TN:
SF:services\base-service.js
FN:2,(anonymous_0)
FN:6,(anonymous_1)
FN:10,(anonymous_2)
FN:14,(anonymous_3)
FN:18,(anonymous_4)
FN:22,(anonymous_5)
FN:26,(anonymous_6)
FN:30,(anonymous_7)
FN:34,(anonymous_8)
FNF:9
FNH:9
FNDA:12,(anonymous_0)
FNDA:1,(anonymous_1)
FNDA:4,(anonymous_2)
FNDA:9,(anonymous_3)
FNDA:7,(anonymous_4)
FNDA:3,(anonymous_5)
FNDA:1,(anonymous_6)
FNDA:40,(anonymous_7)
FNDA:2,(anonymous_8)
DA:3,12
DA:7,1
DA:11,4
DA:15,9
DA:19,7
DA:23,3
DA:27,1
DA:31,40
DA:35,2
DA:39,3
LF:10
LH:10
BRF:0
BRH:0
end_of_record
TN:
SF:services\employer-service.js
FN:7,(anonymous_0)
FN:30,(anonymous_1)
FN:34,(anonymous_2)
FNF:3
FNH:3
FNDA:1,(anonymous_0)
FNDA:2,(anonymous_1)
FNDA:1,(anonymous_2)
DA:1,3
DA:2,3
DA:3,3
DA:4,3
DA:8,1
DA:9,1
DA:10,1
DA:12,1
DA:19,1
DA:20,1
DA:21,1
DA:23,1
DA:24,1
DA:25,1
DA:27,1
DA:31,2
DA:32,2
DA:34,2
DA:35,2
DA:37,1
DA:39,1
DA:40,1
DA:42,1
DA:46,3
LF:24
LH:24
BRDA:35,0,0,1
BRDA:35,0,1,1
BRF:2
BRH:2
end_of_record
TN:
SF:services\freelancer-service.js
FN:7,(anonymous_0)
FN:11,(anonymous_1)
FN:23,(anonymous_2)
FN:27,(anonymous_3)
FN:34,(anonymous_4)
FN:38,(anonymous_5)
FN:46,(anonymous_6)
FN:58,(anonymous_7)
FN:65,(anonymous_8)
FNF:9
FNH:9
FNDA:1,(anonymous_0)
FNDA:3,(anonymous_1)
FNDA:3,(anonymous_2)
FNDA:2,(anonymous_3)
FNDA:3,(anonymous_4)
FNDA:2,(anonymous_5)
FNDA:2,(anonymous_6)
FNDA:8,(anonymous_7)
FNDA:5,(anonymous_8)
DA:1,3
DA:2,3
DA:3,3
DA:4,3
DA:8,1
DA:12,3
DA:13,3
DA:15,2
DA:16,2
DA:18,2
DA:20,2
DA:24,3
DA:25,3
DA:27,2
DA:28,2
DA:30,1
DA:31,1
DA:35,3
DA:36,3
DA:38,2
DA:39,2
DA:41,1
DA:43,1
DA:47,2
DA:48,2
DA:50,1
DA:51,1
DA:53,1
DA:55,1
DA:59,8
DA:60,8
DA:62,7
DA:63,7
DA:65,6
DA:66,6
DA:68,5
DA:70,1
DA:71,1
DA:73,1
DA:74,1
DA:76,1
DA:77,1
DA:79,1
DA:80,1
DA:82,1
DA:85,4
DA:87,4
DA:91,3
LF:48
LH:48
BRDA:13,0,0,1
BRDA:13,0,1,2
BRDA:25,1,0,1
BRDA:25,1,1,2
BRDA:28,2,0,1
BRDA:28,2,1,1
BRDA:36,3,0,1
BRDA:36,3,1,2
BRDA:39,4,0,1
BRDA:39,4,1,1
BRDA:48,5,0,1
BRDA:48,5,1,1
BRDA:60,6,0,1
BRDA:60,6,1,7
BRDA:63,7,0,1
BRDA:63,7,1,6
BRDA:66,8,0,1
BRDA:66,8,1,5
BRDA:68,9,0,1
BRDA:68,9,1,1
BRDA:68,9,2,1
BRDA:68,9,3,1
BRDA:68,9,4,1
BRF:23
BRH:23
end_of_record
TN:
SF:services\index.js
FNF:0
FNH:0
DA:1,3
DA:2,3
DA:3,3
DA:4,3
DA:7,3
LF:5
LH:5
BRF:0
BRH:0
end_of_record
TN:
SF:services\job-service.js
FN:5,(anonymous_0)
FNF:1
FNH:1
FNDA:1,(anonymous_0)
DA:1,3
DA:2,3
DA:6,1
DA:8,1
DA:12,3
LF:5
LH:5
BRF:0
BRH:0
end_of_record
TN:
SF:services\order-service.js
FNF:0
FNH:0
DA:1,3
DA:2,3
DA:6,3
LF:3
LH:3
BRF:0
BRH:0
end_of_record
